<?xml version="1.0" encoding="UTF-8"?>
<testsuite xmlns:xsi="http://www.w3.org/2001/XMLSchema-instance" xsi:noNamespaceSchemaLocation="https://maven.apache.org/surefire/maven-surefire-plugin/xsd/surefire-test-report-3.0.xsd" version="3.0" name="TestSuite" time="194.95" tests="9" errors="0" skipped="0" failures="1">
  <properties>
[...]
</properties>
  <testcase name="verifyTheUserCanLoginWithValidCredentials" classname="gui.login.LoginHappyPathsTest" time="4.695">
    <system-out><![CDATA[____________________________________________________________
Deleting not needed files from folder with path: src/test/resources/reports/
Unable to delete the files in Directory: src/test/resources/reports/
____________________________________________________________
____________________________________________________________
Deleting not needed files from folder with path: src/test/resources/screenshots/
Unable to delete the files in Directory: src/test/resources/screenshots/
____________________________________________________________
[main] 13:00:38,007 INFO  [Teodora TAF]  ==== TEST CASE NAME : verifyTheUserCanLoginWithValidCredentials ====
[main] 13:00:38,014 INFO  [Teodora TAF] Create driver: chrome
[main] 13:00:41,829 INFO  [Teodora TAF] STEP 1: Not logged in user has opened the Skillo HomePage.
[main] 13:00:42,213 INFO  [Teodora TAF] CONFIRM # The user has navigated to: http://training.skillo-bg.com:4300/posts/all
[main] 13:00:43,187 INFO  [Teodora TAF] STEP 1.1.: Verify the user is on the Home Page.
[main] 13:00:43,187 INFO  [Teodora TAF] STEP 1.1.1.: Verify the Page Title.
[main] 13:00:43,306 INFO  [Teodora TAF] Verifying page title. Expected: ISkillo, Actual: ISkillo
[main] 13:00:43,309 INFO  [Teodora TAF] STEP 1.1.2.: Verify that the Navigation Bar Home is presented.
[main] 13:00:43,455 INFO  [Teodora TAF] ACTION @ The user is verifying if the web element with locator info: LOCATOR STRATEGY BY:  ID LOCATOR EXPRESSION:  nav-link-home]
[main] 13:00:43,656 INFO  [Teodora TAF] # SHOWN  # Web element is shown with locator infoLOCATOR STRATEGY BY:  ID LOCATOR EXPRESSION:  nav-link-home]
[main] 13:00:43,656 INFO  [Teodora TAF] STEP 1.1.3.: Verify that the Login link is presented.
[main] 13:00:43,685 INFO  [Teodora TAF] ACTION @ The user is verifying if the web element with locator info: LOCATOR STRATEGY BY:  ID LOCATOR EXPRESSION:  nav-link-login]
[main] 13:00:43,732 INFO  [Teodora TAF] # SHOWN  # Web element is shown with locator infoLOCATOR STRATEGY BY:  ID LOCATOR EXPRESSION:  nav-link-login]
[main] 13:00:43,733 INFO  [Teodora TAF] STEP 2: The user is navigating to the Login page via click on navigation bar Login link.
[main] 13:00:44,095 INFO  [Teodora TAF] STEP 2.1.: Verify the User is successfully landed on the Login Page
[main] 13:00:44,475 INFO  [Teodora TAF] STEP 3.: Provide username and clicking on 
[main] 13:00:44,504 INFO  [Teodora TAF] ACTION @ The user is verifying if the web element with locator info: LOCATOR STRATEGY BY:  ID LOCATOR EXPRESSION:  defaultLoginFormUsername]
[main] 13:00:44,554 INFO  [Teodora TAF] # SHOWN  # Web element is shown with locator infoLOCATOR STRATEGY BY:  ID LOCATOR EXPRESSION:  defaultLoginFormUsername]
[main] 13:00:44,914 INFO  [Teodora TAF] STEP 4.: Provide password
[main] 13:00:44,930 INFO  [Teodora TAF] ACTION @ The user is verifying if the web element with locator info: LOCATOR STRATEGY BY:  ID LOCATOR EXPRESSION:  defaultLoginFormUsername]
[main] 13:00:44,959 INFO  [Teodora TAF] # SHOWN  # Web element is shown with locator infoLOCATOR STRATEGY BY:  ID LOCATOR EXPRESSION:  defaultLoginFormUsername]
[main] 13:00:45,261 INFO  [Teodora TAF] STEP 5. Click on loginButton
[main] 13:00:45,567 INFO  [Teodora TAF] STEP 6.: Verify the Login is successful
[main] 13:00:45,567 INFO  [Teodora TAF] STEP 6.1.: Verify the Message for Successful Login
[main] 13:00:46,264 INFO  [Teodora TAF] STEP 6.2.: Verify the Log out Button is presented
[main] 13:00:46,301 INFO  [Teodora TAF] Logout button is visible.
[main] 13:00:46,301 INFO  [Teodora TAF] STEP 6.3.: Verify the Navigation bar Profile Link is presented
[main] 13:00:46,325 INFO  [Teodora TAF] ACTION @ The user is verifying if the web element with locator info: LOCATOR STRATEGY BY:  ID LOCATOR EXPRESSION:  nav-link-profile]
[main] 13:00:46,381 INFO  [Teodora TAF] # SHOWN  # Web element is shown with locator infoLOCATOR STRATEGY BY:  ID LOCATOR EXPRESSION:  nav-link-profile]
[main] 13:00:46,382 INFO  [Teodora TAF] STEP 6.4.: Verify the current URL is for Home Page.
]]></system-out>
    <system-err><![CDATA[SLF4J: Failed to load class "org.slf4j.impl.StaticLoggerBinder".
SLF4J: Defaulting to no-operation (NOP) logger implementation
SLF4J: See http://www.slf4j.org/codes.html#StaticLoggerBinder for further details.
яну 21, 2025 1:00:41 СЛ.ОБ. org.openqa.selenium.devtools.CdpVersionFinder findNearestMatch
WARNING: Unable to find an exact match for CDP version 131, returning the closest version; found: 129; Please update to a Selenium version that supports CDP version 131
]]></system-err>
  </testcase>
  <testcase name="verifyUserCannotLoginWithWrongUserName" classname="gui.login.LoginNegativePathsTest" time="2.77">
    <system-out><![CDATA[[main] 13:00:46,414 INFO  [Teodora TAF] Close driver
[main] 13:00:48,109 INFO  [Teodora TAF]  ==== TEST CASE NAME : verifyUserCannotLoginWithWrongUserName ====
[main] 13:00:48,109 INFO  [Teodora TAF] Create driver: chrome
[main] 13:00:50,481 INFO  [Teodora TAF] STEP 1: Already registered user is landing on Iskilo Login Page
[main] 13:00:51,605 INFO  [Teodora TAF] CONFIRM # The user has navigated to: http://training.skillo-bg.com:4300/users/login
[main] 13:00:51,636 INFO  [Teodora TAF] STEP 1.1.Verify the user is on the Login page
[main] 13:00:51,659 INFO  [Teodora TAF] Verifying page title. Expected: ISkillo, Actual: ISkillo
[main] 13:00:51,659 INFO  [Teodora TAF] STEP 1.1.2. Verify that the Login Form is presented
[main] 13:00:51,807 INFO  [Teodora TAF] STEP 3. Provide username
[main] 13:00:51,829 INFO  [Teodora TAF] ACTION @ The user is verifying if the web element with locator info: LOCATOR STRATEGY BY:  ID LOCATOR EXPRESSION:  defaultLoginFormUsername]
[main] 13:00:51,869 INFO  [Teodora TAF] # SHOWN  # Web element is shown with locator infoLOCATOR STRATEGY BY:  ID LOCATOR EXPRESSION:  defaultLoginFormUsername]
[main] 13:00:52,186 INFO  [Teodora TAF] STEP 4. Provide password
[main] 13:00:52,204 INFO  [Teodora TAF] ACTION @ The user is verifying if the web element with locator info: LOCATOR STRATEGY BY:  ID LOCATOR EXPRESSION:  defaultLoginFormUsername]
[main] 13:00:52,257 INFO  [Teodora TAF] # SHOWN  # Web element is shown with locator infoLOCATOR STRATEGY BY:  ID LOCATOR EXPRESSION:  defaultLoginFormUsername]
[main] 13:00:52,521 INFO  [Teodora TAF] STEP 5. Click on login Button
[main] 13:00:52,787 INFO  [Teodora TAF] STEP 6.1. Verify the Login is successful
[main] 13:00:53,064 INFO  [Teodora TAF] STEP 6.1.2. Verify that the Login Form is presented
[main] 13:00:53,155 INFO  [Teodora TAF] STEP 6.1.3. Verify that the Login Button From Login Form is presented
[main] 13:00:53,169 INFO  [Teodora TAF] ACTION @ The user is verifying if the web element with locator info: LOCATOR STRATEGY BY:  ID LOCATOR EXPRESSION:  sign-in-button]
[main] 13:00:53,204 INFO  [Teodora TAF] # SHOWN  # Web element is shown with locator infoLOCATOR STRATEGY BY:  ID LOCATOR EXPRESSION:  sign-in-button]
[main] 13:00:53,205 INFO  [Teodora TAF] STEP 6.1.3. Verify that the User is still on the Login Page.
]]></system-out>
    <system-err><![CDATA[яну 21, 2025 1:00:50 СЛ.ОБ. org.openqa.selenium.devtools.CdpVersionFinder findNearestMatch
WARNING: Unable to find an exact match for CDP version 131, returning the closest version; found: 129; Please update to a Selenium version that supports CDP version 131
]]></system-err>
  </testcase>
  <testcase name="verifyUserCanCreatePost" classname="gui.post.PostTests" time="30.425">
    <failure message="Posts didn&apos;t increase by 1. expected [true] but found [false]" type="java.lang.AssertionError"><![CDATA[java.lang.AssertionError: Posts didn't increase by 1. expected [true] but found [false]
	at org.testng.Assert.fail(Assert.java:111)
	at org.testng.Assert.failNotEquals(Assert.java:1578)
	at org.testng.Assert.assertTrue(Assert.java:57)
	at gui.post.PostTests.verifyUserCanCreatePost(PostTests.java:93)
	at java.base/jdk.internal.reflect.DirectMethodHandleAccessor.invoke(DirectMethodHandleAccessor.java:103)
	at java.base/java.lang.reflect.Method.invoke(Method.java:580)
	at org.testng.internal.invokers.MethodInvocationHelper.invokeMethod(MethodInvocationHelper.java:141)
	at org.testng.internal.invokers.TestInvoker.invokeMethod(TestInvoker.java:686)
	at org.testng.internal.invokers.TestInvoker.invokeTestMethod(TestInvoker.java:230)
	at org.testng.internal.invokers.MethodRunner.runInSequence(MethodRunner.java:63)
	at org.testng.internal.invokers.TestInvoker$MethodInvocationAgent.invoke(TestInvoker.java:992)
	at org.testng.internal.invokers.TestInvoker.invokeTestMethods(TestInvoker.java:203)
	at org.testng.internal.invokers.TestMethodWorker.invokeTestMethods(TestMethodWorker.java:154)
	at org.testng.internal.invokers.TestMethodWorker.run(TestMethodWorker.java:134)
	at java.base/java.util.ArrayList.forEach(ArrayList.java:1597)
	at org.testng.TestRunner.privateRun(TestRunner.java:739)
	at org.testng.TestRunner.run(TestRunner.java:614)
	at org.testng.SuiteRunner.runTest(SuiteRunner.java:421)
	at org.testng.SuiteRunner.runSequentially(SuiteRunner.java:413)
	at org.testng.SuiteRunner.privateRun(SuiteRunner.java:373)
	at org.testng.SuiteRunner.run(SuiteRunner.java:312)
	at org.testng.SuiteRunnerWorker.runSuite(SuiteRunnerWorker.java:52)
	at org.testng.SuiteRunnerWorker.run(SuiteRunnerWorker.java:95)
	at org.testng.TestNG.runSuitesSequentially(TestNG.java:1274)
	at org.testng.TestNG.runSuitesLocally(TestNG.java:1208)
	at org.testng.TestNG.runSuites(TestNG.java:1112)
	at org.testng.TestNG.run(TestNG.java:1079)
	at org.apache.maven.surefire.testng.TestNGExecutor.run(TestNGExecutor.java:324)
	at org.apache.maven.surefire.testng.TestNGXmlTestSuite.execute(TestNGXmlTestSuite.java:74)
	at org.apache.maven.surefire.testng.TestNGProvider.invoke(TestNGProvider.java:123)
	at org.apache.maven.surefire.booter.ForkedBooter.runSuitesInProcess(ForkedBooter.java:456)
	at org.apache.maven.surefire.booter.ForkedBooter.execute(ForkedBooter.java:169)
	at org.apache.maven.surefire.booter.ForkedBooter.run(ForkedBooter.java:595)
	at org.apache.maven.surefire.booter.ForkedBooter.main(ForkedBooter.java:581)
]]></failure>
    <system-out><![CDATA[[main] 13:00:53,251 INFO  [Teodora TAF] Close driver
[main] 13:00:54,301 INFO  [Teodora TAF]  ==== TEST CASE NAME : verifyUserCanCreatePost ====
[main] 13:00:54,301 INFO  [Teodora TAF] Create driver: chrome
[main] 13:00:57,079 INFO  [Teodora TAF] STEP 1: Not logged in user has opened the Skillo HomePage.
[main] 13:00:57,412 INFO  [Teodora TAF] CONFIRM # The user has navigated to: http://training.skillo-bg.com:4300/posts/all
[main] 13:00:58,167 INFO  [Teodora TAF] STEP 1.1.: Verify the user is on the Home Page.
[main] 13:00:58,167 INFO  [Teodora TAF] STEP 1.1.1.: Verify the Page Title.
[main] 13:00:58,188 INFO  [Teodora TAF] Verifying page title. Expected: ISkillo, Actual: ISkillo
[main] 13:00:58,191 INFO  [Teodora TAF] STEP 1.1.2.: Verify that the Navigation Bar Home is presented.
[main] 13:00:58,240 INFO  [Teodora TAF] ACTION @ The user is verifying if the web element with locator info: LOCATOR STRATEGY BY:  ID LOCATOR EXPRESSION:  nav-link-home]
[main] 13:00:58,364 INFO  [Teodora TAF] # SHOWN  # Web element is shown with locator infoLOCATOR STRATEGY BY:  ID LOCATOR EXPRESSION:  nav-link-home]
[main] 13:00:58,364 INFO  [Teodora TAF] STEP 1.1.3.: Verify that the Login link is presented.
[main] 13:00:58,394 INFO  [Teodora TAF] ACTION @ The user is verifying if the web element with locator info: LOCATOR STRATEGY BY:  ID LOCATOR EXPRESSION:  nav-link-login]
[main] 13:00:58,719 INFO  [Teodora TAF] # SHOWN  # Web element is shown with locator infoLOCATOR STRATEGY BY:  ID LOCATOR EXPRESSION:  nav-link-login]
[main] 13:00:58,719 INFO  [Teodora TAF] STEP 2: The user is navigating to the Login page via click on navigation bar Login link.
[main] 13:00:58,990 INFO  [Teodora TAF] STEP 2.1.: Verify the User is successfully landed on the Login Page.
[main] 13:00:59,592 INFO  [Teodora TAF] STEP 3.: Provide username and password and clicking on Login Button.
[main] 13:00:59,620 INFO  [Teodora TAF] ACTION @ The user is verifying if the web element with locator info: LOCATOR STRATEGY BY:  ID LOCATOR EXPRESSION:  defaultLoginFormUsername]
[main] 13:00:59,648 INFO  [Teodora TAF] # SHOWN  # Web element is shown with locator infoLOCATOR STRATEGY BY:  ID LOCATOR EXPRESSION:  defaultLoginFormUsername]
[main] 13:00:59,946 INFO  [Teodora TAF] ACTION @ The user is verifying if the web element with locator info: LOCATOR STRATEGY BY:  ID LOCATOR EXPRESSION:  defaultLoginFormUsername]
[main] 13:00:59,980 INFO  [Teodora TAF] # SHOWN  # Web element is shown with locator infoLOCATOR STRATEGY BY:  ID LOCATOR EXPRESSION:  defaultLoginFormUsername]
[main] 13:01:00,483 INFO  [Teodora TAF] STEP 4.: Verify the navigation bar Home link is presented.
[main] 13:01:00,496 INFO  [Teodora TAF] ACTION @ The user is verifying if the web element with locator info: LOCATOR STRATEGY BY:  ID LOCATOR EXPRESSION:  nav-link-home]
[main] 13:01:00,547 INFO  [Teodora TAF] # SHOWN  # Web element is shown with locator infoLOCATOR STRATEGY BY:  ID LOCATOR EXPRESSION:  nav-link-home]
[main] 13:01:00,547 INFO  [Teodora TAF] STEP 5.: Verify the navigation bare Profile link is presented and click on it.
[main] 13:01:01,188 INFO  [Teodora TAF] STEP 6.: Verify the User is navigated to the Profile Page
[main] 13:01:01,188 INFO  [Teodora TAF] STEP 6.1.: Verify if the URL is for the Profile Page
[main] 13:01:01,946 INFO  [Teodora TAF] STEP 7.: Verify there is a post - to be deleted.
[main] 13:01:10,537 INFO  [Teodora TAF] Reached the end of the page. Total posts: 12
[main] 13:01:10,537 INFO  [Teodora TAF] STEP 8.: The User click on navigation bar New Post link.
[main] 13:01:10,749 INFO  [Teodora TAF] STEP 9.: Verify the User is on Post Page.
[main] 13:01:10,751 INFO  [Teodora TAF] STEP 9.1.: Verify that the Upload Form is presented
[main] 13:01:10,846 INFO  [Teodora TAF] STEP 10.: The User is Uploading New Picture.
[main] 13:01:10,878 INFO  [Teodora TAF] ACTION @ The user is verifying if the web element with locator info: LOCATOR STRATEGY BY:  CSS SELECTOR LOCATOR EXPRESSION:  .file[type='file']]
[main] 13:01:16,143 ERROR [Teodora TAF] # NOT SHOWN ! # Web element is NOT shown with locator infoLOCATOR STRATEGY BY:  CSS SELECTOR LOCATOR EXPRESSION:  .file[type='file']]
[main] 13:01:16,274 INFO  [Teodora TAF] CONFIRMATION # The file was successfully uploaded.
[main] 13:01:16,274 INFO  [Teodora TAF] STEP 11.: The User is providing Post Caption.
[main] 13:01:16,577 INFO  [Teodora TAF] CONFIRMATION # The user has provided caption text: Testing the create post caption
[main] 13:01:16,708 INFO  [Teodora TAF] CONFIRMATION # The user has clicked on the submit post button.
[main] 13:01:16,708 INFO  [Teodora TAF] STEP 12.: Verify the Post is created.
[main] 13:01:16,708 INFO  [Teodora TAF] STEP 12.1.: Verify there is one more post shown.
[main] 13:01:27,468 INFO  [Teodora TAF] Reached the end of the page. Total posts: 15
]]></system-out>
    <system-err><![CDATA[яну 21, 2025 1:00:56 СЛ.ОБ. org.openqa.selenium.devtools.CdpVersionFinder findNearestMatch
WARNING: Unable to find an exact match for CDP version 131, returning the closest version; found: 129; Please update to a Selenium version that supports CDP version 131
]]></system-err>
  </testcase>
  <testcase name="verifyUserCanLikeOtherMembersPost" classname="gui.post.PostTests" time="45.039">
    <system-out><![CDATA[[main] 13:01:28,077 INFO  [Teodora TAF] Close driver
[main] 13:01:28,933 INFO  [Teodora TAF]  ==== TEST CASE NAME : verifyUserCanLikeOtherMembersPost ====
[main] 13:01:28,933 INFO  [Teodora TAF] Create driver: chrome
[main] 13:01:30,927 INFO  [Teodora TAF] STEP 1: Not logged in user has opened the Skillo HomePage.
[main] 13:01:33,694 INFO  [Teodora TAF] CONFIRM # The user has navigated to: http://training.skillo-bg.com:4300/posts/all
[main] 13:01:33,713 INFO  [Teodora TAF] STEP 1.1.: Verify the user is on the Home Page.
[main] 13:01:33,714 INFO  [Teodora TAF] STEP 1.1.1.: Verify the Page Title.
[main] 13:01:33,721 INFO  [Teodora TAF] Verifying page title. Expected: ISkillo, Actual: ISkillo
[main] 13:01:33,722 INFO  [Teodora TAF] STEP 1.1.2.: Verify that the Navigation Bar Home is presented.
[main] 13:01:33,745 INFO  [Teodora TAF] ACTION @ The user is verifying if the web element with locator info: LOCATOR STRATEGY BY:  ID LOCATOR EXPRESSION:  nav-link-home]
[main] 13:01:33,829 INFO  [Teodora TAF] # SHOWN  # Web element is shown with locator infoLOCATOR STRATEGY BY:  ID LOCATOR EXPRESSION:  nav-link-home]
[main] 13:01:33,829 INFO  [Teodora TAF] STEP 1.1.3.: Verify that the Login link is presented.
[main] 13:01:33,864 INFO  [Teodora TAF] ACTION @ The user is verifying if the web element with locator info: LOCATOR STRATEGY BY:  ID LOCATOR EXPRESSION:  nav-link-login]
[main] 13:01:33,917 INFO  [Teodora TAF] # SHOWN  # Web element is shown with locator infoLOCATOR STRATEGY BY:  ID LOCATOR EXPRESSION:  nav-link-login]
[main] 13:01:33,917 INFO  [Teodora TAF] STEP 2: The user is navigating to the Login page via click on navigation bar Login link.
[main] 13:01:34,246 INFO  [Teodora TAF] STEP 2.1.: Verify the User successfully landed on the Login Page.
[main] 13:01:34,527 INFO  [Teodora TAF] STEP 3.: Provide username and password and clicking on Login Button.
[main] 13:01:34,562 INFO  [Teodora TAF] ACTION @ The user is verifying if the web element with locator info: LOCATOR STRATEGY BY:  ID LOCATOR EXPRESSION:  defaultLoginFormUsername]
[main] 13:01:34,604 INFO  [Teodora TAF] # SHOWN  # Web element is shown with locator infoLOCATOR STRATEGY BY:  ID LOCATOR EXPRESSION:  defaultLoginFormUsername]
[main] 13:01:34,927 INFO  [Teodora TAF] ACTION @ The user is verifying if the web element with locator info: LOCATOR STRATEGY BY:  ID LOCATOR EXPRESSION:  defaultLoginFormUsername]
[main] 13:01:34,961 INFO  [Teodora TAF] # SHOWN  # Web element is shown with locator infoLOCATOR STRATEGY BY:  ID LOCATOR EXPRESSION:  defaultLoginFormUsername]
[main] 13:01:35,387 INFO  [Teodora TAF] STEP 5.: Verify the User is navigated to the Home Page
[main] 13:01:35,387 INFO  [Teodora TAF] STEP 5.1.: Verify the navigation bare Home link is presented.
[main] 13:01:35,412 INFO  [Teodora TAF] ACTION @ The user is verifying if the web element with locator info: LOCATOR STRATEGY BY:  ID LOCATOR EXPRESSION:  nav-link-home]
[main] 13:01:35,461 INFO  [Teodora TAF] # SHOWN  # Web element is shown with locator infoLOCATOR STRATEGY BY:  ID LOCATOR EXPRESSION:  nav-link-home]
[main] 13:01:35,461 INFO  [Teodora TAF] STEP 5.2.: Verify if the URL is for the Home Page
[main] 13:01:36,542 INFO  [Teodora TAF] STEP 6.: The User select Profile of other User - Lora
[main] 13:01:37,780 INFO  [Teodora TAF] STEP 7.: The User is in the Other User Profile - Lora
[main] 13:01:37,784 INFO  [Teodora TAF] STEP 8.:The user has clicked on the first post of the Other User.
[main] 13:01:38,827 INFO  [Teodora TAF] STEP 9.:The user has clicked on the like button.
[main] 13:01:39,288 INFO  [Teodora TAF] STEP 10.:Verify if the Like Message is visible.
[main] 13:02:15,434 ERROR [Teodora TAF] Element is not visible: Proxy element for: DefaultElementLocator 'By.xpath: //div[contains(@aria-label,'Post liked')]'
[main] 13:02:15,434 INFO  [Teodora TAF] STEP 11.:Close the post Modal.
]]></system-out>
    <system-err><![CDATA[яну 21, 2025 1:01:30 СЛ.ОБ. org.openqa.selenium.devtools.CdpVersionFinder findNearestMatch
WARNING: Unable to find an exact match for CDP version 131, returning the closest version; found: 129; Please update to a Selenium version that supports CDP version 131
]]></system-err>
  </testcase>
  <testcase name="verifyUserCanDislikeOtherMembersPost" classname="gui.post.PostTests" time="44.299">
    <system-out><![CDATA[[main] 13:02:15,967 INFO  [Teodora TAF] Close driver
[main] 13:02:16,599 INFO  [Teodora TAF]  ==== TEST CASE NAME : verifyUserCanDislikeOtherMembersPost ====
[main] 13:02:16,599 INFO  [Teodora TAF] Create driver: chrome
[main] 13:02:18,803 INFO  [Teodora TAF] STEP 1: Not logged in user has opened the Skillo HomePage.
[main] 13:02:19,078 INFO  [Teodora TAF] CONFIRM # The user has navigated to: http://training.skillo-bg.com:4300/posts/all
[main] 13:02:21,086 INFO  [Teodora TAF] STEP 1.1.: Verify the user is on the Home Page.
[main] 13:02:21,086 INFO  [Teodora TAF] STEP 1.1.1.: Verify the Page Title.
[main] 13:02:21,102 INFO  [Teodora TAF] Verifying page title. Expected: ISkillo, Actual: ISkillo
[main] 13:02:21,102 INFO  [Teodora TAF] STEP 1.1.2.: Verify that the Navigation Bar Home is presented.
[main] 13:02:21,200 INFO  [Teodora TAF] ACTION @ The user is verifying if the web element with locator info: LOCATOR STRATEGY BY:  ID LOCATOR EXPRESSION:  nav-link-home]
[main] 13:02:21,243 INFO  [Teodora TAF] # SHOWN  # Web element is shown with locator infoLOCATOR STRATEGY BY:  ID LOCATOR EXPRESSION:  nav-link-home]
[main] 13:02:21,243 INFO  [Teodora TAF] STEP 1.1.3.: Verify that the Login link is presented.
[main] 13:02:21,271 INFO  [Teodora TAF] ACTION @ The user is verifying if the web element with locator info: LOCATOR STRATEGY BY:  ID LOCATOR EXPRESSION:  nav-link-login]
[main] 13:02:21,518 INFO  [Teodora TAF] # SHOWN  # Web element is shown with locator infoLOCATOR STRATEGY BY:  ID LOCATOR EXPRESSION:  nav-link-login]
[main] 13:02:21,518 INFO  [Teodora TAF] STEP 2: The user is navigating to the Login page via click on navigation bar Login link.
[main] 13:02:21,690 INFO  [Teodora TAF] STEP 2.1.: Verify the User is successfully landed on the Login Page.
[main] 13:02:22,034 INFO  [Teodora TAF] STEP 3.: Provide username and password and clicking on Login Button.
[main] 13:02:22,055 INFO  [Teodora TAF] ACTION @ The user is verifying if the web element with locator info: LOCATOR STRATEGY BY:  ID LOCATOR EXPRESSION:  defaultLoginFormUsername]
[main] 13:02:22,081 INFO  [Teodora TAF] # SHOWN  # Web element is shown with locator infoLOCATOR STRATEGY BY:  ID LOCATOR EXPRESSION:  defaultLoginFormUsername]
[main] 13:02:22,398 INFO  [Teodora TAF] ACTION @ The user is verifying if the web element with locator info: LOCATOR STRATEGY BY:  ID LOCATOR EXPRESSION:  defaultLoginFormUsername]
[main] 13:02:22,423 INFO  [Teodora TAF] # SHOWN  # Web element is shown with locator infoLOCATOR STRATEGY BY:  ID LOCATOR EXPRESSION:  defaultLoginFormUsername]
[main] 13:02:22,886 INFO  [Teodora TAF] STEP 4.: Verify the User is navigated to the Home Page
[main] 13:02:22,887 INFO  [Teodora TAF] STEP 4.1.: Verify the navigation bare Home link is presented.
[main] 13:02:22,903 INFO  [Teodora TAF] ACTION @ The user is verifying if the web element with locator info: LOCATOR STRATEGY BY:  ID LOCATOR EXPRESSION:  nav-link-home]
[main] 13:02:22,951 INFO  [Teodora TAF] # SHOWN  # Web element is shown with locator infoLOCATOR STRATEGY BY:  ID LOCATOR EXPRESSION:  nav-link-home]
[main] 13:02:22,952 INFO  [Teodora TAF] STEP 4.2.: Verify if the URL is for the Home Page
[main] 13:02:24,033 INFO  [Teodora TAF] STEP 5.: The User selects Profile of other User - Lora
[main] 13:02:25,378 INFO  [Teodora TAF] STEP 7.: The User is in the Other User Profile - Lora
[main] 13:02:25,378 INFO  [Teodora TAF] STEP 8.: The user has clicked on the first post of the Other User.
[main] 13:02:26,274 INFO  [Teodora TAF] STEP 9.: The user click on the Like button in order to dislike post.
[main] 13:02:26,672 INFO  [Teodora TAF] STEP 10.: Verify if the Dislike Message is visible.
[main] 13:03:02,858 ERROR [Teodora TAF] Element is not visible: Proxy element for: DefaultElementLocator 'By.xpath: //div[contains(@aria-label,'Post disliked')]'
[main] 13:03:02,858 INFO  [Teodora TAF] STEP 11.: Close the post Modal.
]]></system-out>
    <system-err><![CDATA[яну 21, 2025 1:02:18 СЛ.ОБ. org.openqa.selenium.devtools.CdpVersionFinder findNearestMatch
WARNING: Unable to find an exact match for CDP version 131, returning the closest version; found: 129; Please update to a Selenium version that supports CDP version 131
]]></system-err>
  </testcase>
  <testcase name="verifyUserCanDeletePost" classname="gui.post.PostTests" time="20.271">
    <system-out><![CDATA[[main] 13:03:03,098 INFO  [Teodora TAF] Close driver
[main] 13:03:03,500 INFO  [Teodora TAF]  ==== TEST CASE NAME : verifyUserCanDeletePost ====
[main] 13:03:03,500 INFO  [Teodora TAF] Create driver: chrome
[main] 13:03:05,674 INFO  [Teodora TAF] STEP 1: Navigating to the Login page.
[main] 13:03:06,415 INFO  [Teodora TAF] CONFIRM # The user has navigated to: http://training.skillo-bg.com:4300/users/login
[main] 13:03:08,307 INFO  [Teodora TAF] STEP 2: Verifying user is on the Login Page.
[main] 13:03:08,420 INFO  [Teodora TAF] STEP 3: Logging in with valid credentials.
[main] 13:03:08,435 INFO  [Teodora TAF] ACTION @ The user is verifying if the web element with locator info: LOCATOR STRATEGY BY:  ID LOCATOR EXPRESSION:  defaultLoginFormUsername]
[main] 13:03:08,459 INFO  [Teodora TAF] # SHOWN  # Web element is shown with locator infoLOCATOR STRATEGY BY:  ID LOCATOR EXPRESSION:  defaultLoginFormUsername]
[main] 13:03:08,706 INFO  [Teodora TAF] ACTION @ The user is verifying if the web element with locator info: LOCATOR STRATEGY BY:  ID LOCATOR EXPRESSION:  defaultLoginFormUsername]
[main] 13:03:08,735 INFO  [Teodora TAF] # SHOWN  # Web element is shown with locator infoLOCATOR STRATEGY BY:  ID LOCATOR EXPRESSION:  defaultLoginFormUsername]
[main] 13:03:09,277 INFO  [Teodora TAF] STEP 4: Clicking on Profile link in navigation bar.
[main] 13:03:10,143 INFO  [Teodora TAF] STEP 5: Verifying the user is navigated to the Profile Page.
[main] 13:03:10,806 INFO  [Teodora TAF] STEP 6: Checking for existing posts to delete.
[main] 13:03:19,224 INFO  [Teodora TAF] Reached the end of the page. Total posts: 13
[main] 13:03:19,224 INFO  [Teodora TAF] STEP 7: Selecting and deleting the first post.
[main] 13:03:20,090 INFO  [Teodora TAF] STEP 8: Verifying deletion confirmation message.
[main] 13:03:20,394 INFO  [Teodora TAF] STEP 9: Verifying post count decreased.
[main] 13:03:25,934 INFO  [Teodora TAF] Reached the top of the page or no more new posts. Total posts: 12
]]></system-out>
    <system-err><![CDATA[яну 21, 2025 1:03:05 СЛ.ОБ. org.openqa.selenium.devtools.CdpVersionFinder findNearestMatch
WARNING: Unable to find an exact match for CDP version 131, returning the closest version; found: 129; Please update to a Selenium version that supports CDP version 131
]]></system-err>
  </testcase>
  <testcase name="verifyUserCanRegisterWithValidData" classname="gui.registration.RegistrationHappyPath" time="6.388">
    <system-out><![CDATA[[main] 13:03:25,941 INFO  [Teodora TAF] Close driver
[main] 13:03:26,586 INFO  [Teodora TAF]  ==== TEST CASE NAME : verifyUserCanRegisterWithValidData ====
[main] 13:03:26,586 INFO  [Teodora TAF] Create driver: chrome
[main] 13:03:29,144 INFO  [Teodora TAF] STEP 1: The Unregistered User is landing on the Registration Page
[main] 13:03:31,352 INFO  [Teodora TAF] CONFIRM # The user has navigated to: http://training.skillo-bg.com:4300/users/register
[main] 13:03:31,387 INFO  [Teodora TAF] STEP 1.1.: Verify the user is on the Registration Page
[main] 13:03:31,422 INFO  [Teodora TAF] STEP 1.1.1.: Verify the Registration Form Title is presented
[main] 13:03:31,540 INFO  [Teodora TAF] STEP 2.: Provide Random User Name
[main] 13:03:31,561 INFO  [Teodora TAF] ACTION @ The user is verifying if the web element with locator info: LOCATOR STRATEGY BY:  XPATH LOCATOR EXPRESSION:  //input[@formcontrolname='username']]
[main] 13:03:31,602 INFO  [Teodora TAF] # SHOWN  # Web element is shown with locator infoLOCATOR STRATEGY BY:  XPATH LOCATOR EXPRESSION:  //input[@formcontrolname='username']]
[main] 13:03:31,828 INFO  [Teodora TAF] STEP 3.: Provide Random email
[main] 13:03:31,839 INFO  [Teodora TAF] ACTION @ The user is verifying if the web element with locator info: LOCATOR STRATEGY BY:  CSS SELECTOR LOCATOR EXPRESSION:  input[placeholder='email']]
[main] 13:03:31,874 INFO  [Teodora TAF] # SHOWN  # Web element is shown with locator infoLOCATOR STRATEGY BY:  CSS SELECTOR LOCATOR EXPRESSION:  input[placeholder='email']]
[main] 13:03:32,204 INFO  [Teodora TAF] STEP 4.: Provide Date of Birth
[main] 13:03:32,219 INFO  [Teodora TAF] ACTION @ The user is verifying if the web element with locator info: LOCATOR STRATEGY BY:  XPATH LOCATOR EXPRESSION:  //input[@formcontrolname='birthDate']]
[main] 13:03:32,262 INFO  [Teodora TAF] # SHOWN  # Web element is shown with locator infoLOCATOR STRATEGY BY:  XPATH LOCATOR EXPRESSION:  //input[@formcontrolname='birthDate']]
[main] 13:03:32,495 INFO  [Teodora TAF] STEP 5.: Provide Date of Birth
[main] 13:03:32,534 INFO  [Teodora TAF] ACTION @ The user is verifying if the web element with locator info: LOCATOR STRATEGY BY:  XPATH LOCATOR EXPRESSION:  //input[@id='defaultRegisterFormPassword']]
[main] 13:03:32,564 INFO  [Teodora TAF] # SHOWN  # Web element is shown with locator infoLOCATOR STRATEGY BY:  XPATH LOCATOR EXPRESSION:  //input[@id='defaultRegisterFormPassword']]
[main] 13:03:32,992 INFO  [Teodora TAF] STEP 6.:Provide Date of Birth
[main] 13:03:33,008 INFO  [Teodora TAF] ACTION @ The user is verifying if the web element with locator info: LOCATOR STRATEGY BY:  XPATH LOCATOR EXPRESSION:  //input[@formcontrolname='confirmPassword']]
[main] 13:03:33,035 INFO  [Teodora TAF] # SHOWN  # Web element is shown with locator infoLOCATOR STRATEGY BY:  XPATH LOCATOR EXPRESSION:  //input[@formcontrolname='confirmPassword']]
[main] 13:03:33,301 INFO  [Teodora TAF] STEP 7.: Provide Public Info
[main] 13:03:33,329 INFO  [Teodora TAF] ACTION @ The user is verifying if the web element with locator info: LOCATOR STRATEGY BY:  XPATH LOCATOR EXPRESSION:  //textarea[@placeholder='Public info']]
[main] 13:03:33,370 INFO  [Teodora TAF] # SHOWN  # Web element is shown with locator infoLOCATOR STRATEGY BY:  XPATH LOCATOR EXPRESSION:  //textarea[@placeholder='Public info']]
[main] 13:03:33,884 INFO  [Teodora TAF] STEP 6.: Verify the Registration is successful
[main] 13:03:33,884 INFO  [Teodora TAF] STEP 6.1.: Verify the Message for Successful Registration
[main] 13:03:34,894 INFO  [Teodora TAF] STEP 6.2.: Verify the Log out Button is presented
[main] 13:03:34,926 INFO  [Teodora TAF] Logout button is visible.
[main] 13:03:34,926 INFO  [Teodora TAF] STEP 6.3.: Verify the Navigation bar Profile Link is presented
[main] 13:03:34,941 INFO  [Teodora TAF] ACTION @ The user is verifying if the web element with locator info: LOCATOR STRATEGY BY:  ID LOCATOR EXPRESSION:  nav-link-profile]
[main] 13:03:34,967 INFO  [Teodora TAF] # SHOWN  # Web element is shown with locator infoLOCATOR STRATEGY BY:  ID LOCATOR EXPRESSION:  nav-link-profile]
[main] 13:03:34,967 INFO  [Teodora TAF] STEP 6.4.: Verify the current URL is for Home Page.
]]></system-out>
    <system-err><![CDATA[яну 21, 2025 1:03:29 СЛ.ОБ. org.openqa.selenium.devtools.CdpVersionFinder findNearestMatch
WARNING: Unable to find an exact match for CDP version 131, returning the closest version; found: 129; Please update to a Selenium version that supports CDP version 131
]]></system-err>
  </testcase>
  <testcase name="verifyTheUserCannotRegisterWithTakenUsername" classname="gui.registration.RegistrationNegativePathTests" time="4.742">
    <system-out><![CDATA[[main] 13:03:35,517 INFO  [Teodora TAF] Close driver
[main] 13:03:36,056 INFO  [Teodora TAF]  ==== TEST CASE NAME : verifyTheUserCannotRegisterWithTakenUsername ====
[main] 13:03:36,056 INFO  [Teodora TAF] Create driver: chrome
[main] 13:03:38,157 INFO  [Teodora TAF] STEP 1: The Unregistered User is landing on the Registration Page.
[main] 13:03:40,386 INFO  [Teodora TAF] CONFIRM # The user has navigated to: http://training.skillo-bg.com:4300/users/register
[main] 13:03:40,418 INFO  [Teodora TAF] STEP 1.1.: Verify the user is on the Registration Page.
[main] 13:03:40,444 INFO  [Teodora TAF] STEP 1.1.1.: Verify the Registration Form Title is presented.
[main] 13:03:40,551 INFO  [Teodora TAF] STEP 2.: Provide Already Taken username.
[main] 13:03:40,568 INFO  [Teodora TAF] ACTION @ The user is verifying if the web element with locator info: LOCATOR STRATEGY BY:  XPATH LOCATOR EXPRESSION:  //input[@formcontrolname='username']]
[main] 13:03:40,609 INFO  [Teodora TAF] # SHOWN  # Web element is shown with locator infoLOCATOR STRATEGY BY:  XPATH LOCATOR EXPRESSION:  //input[@formcontrolname='username']]
[main] 13:03:40,886 INFO  [Teodora TAF] STEP 3.: Provide not taken email.
[main] 13:03:40,901 INFO  [Teodora TAF] ACTION @ The user is verifying if the web element with locator info: LOCATOR STRATEGY BY:  CSS SELECTOR LOCATOR EXPRESSION:  input[placeholder='email']]
[main] 13:03:40,920 INFO  [Teodora TAF] # SHOWN  # Web element is shown with locator infoLOCATOR STRATEGY BY:  CSS SELECTOR LOCATOR EXPRESSION:  input[placeholder='email']]
[main] 13:03:41,208 INFO  [Teodora TAF] STEP 4.: Provide Date of Birth.
[main] 13:03:41,227 INFO  [Teodora TAF] ACTION @ The user is verifying if the web element with locator info: LOCATOR STRATEGY BY:  XPATH LOCATOR EXPRESSION:  //input[@formcontrolname='birthDate']]
[main] 13:03:41,246 INFO  [Teodora TAF] # SHOWN  # Web element is shown with locator infoLOCATOR STRATEGY BY:  XPATH LOCATOR EXPRESSION:  //input[@formcontrolname='birthDate']]
[main] 13:03:41,399 INFO  [Teodora TAF] STEP 5.: Provide Password for Registration.
[main] 13:03:41,426 INFO  [Teodora TAF] ACTION @ The user is verifying if the web element with locator info: LOCATOR STRATEGY BY:  XPATH LOCATOR EXPRESSION:  //input[@id='defaultRegisterFormPassword']]
[main] 13:03:41,454 INFO  [Teodora TAF] # SHOWN  # Web element is shown with locator infoLOCATOR STRATEGY BY:  XPATH LOCATOR EXPRESSION:  //input[@id='defaultRegisterFormPassword']]
[main] 13:03:41,693 INFO  [Teodora TAF] STEP 6.: Confirm Password for Registration.
[main] 13:03:41,709 INFO  [Teodora TAF] ACTION @ The user is verifying if the web element with locator info: LOCATOR STRATEGY BY:  XPATH LOCATOR EXPRESSION:  //input[@formcontrolname='confirmPassword']]
[main] 13:03:41,733 INFO  [Teodora TAF] # SHOWN  # Web element is shown with locator infoLOCATOR STRATEGY BY:  XPATH LOCATOR EXPRESSION:  //input[@formcontrolname='confirmPassword']]
[main] 13:03:41,916 INFO  [Teodora TAF] STEP 7.:Provide Public Info
[main] 13:03:41,931 INFO  [Teodora TAF] ACTION @ The user is verifying if the web element with locator info: LOCATOR STRATEGY BY:  XPATH LOCATOR EXPRESSION:  //textarea[@placeholder='Public info']]
[main] 13:03:41,967 INFO  [Teodora TAF] # SHOWN  # Web element is shown with locator infoLOCATOR STRATEGY BY:  XPATH LOCATOR EXPRESSION:  //textarea[@placeholder='Public info']]
[main] 13:03:42,271 INFO  [Teodora TAF] STEP 7.: Submit the Sing In Button.
[main] 13:03:42,596 INFO  [Teodora TAF] STEP 8.: Verify the Registration Was Not successful.
[main] 13:03:42,596 INFO  [Teodora TAF] STEP 8.1.: Verify the Message Username taken is presented.
[main] 13:03:42,804 INFO  [Teodora TAF] STEP 8.2.: Verify the user is still on the Registration Page.
[main] 13:03:42,820 INFO  [Teodora TAF] STEP 8.3.: Verify the Registration Form Title is still presented.
[main] 13:03:42,870 INFO  [Teodora TAF] STEP 8.4.: Verify the Sing in Button is stil visible
[main] 13:03:42,888 INFO  [Teodora TAF] ACTION @ The user is verifying if the web element with locator info: LOCATOR STRATEGY BY:  ID LOCATOR EXPRESSION:  sign-in-button]
[main] 13:03:42,906 INFO  [Teodora TAF] # SHOWN  # Web element is shown with locator infoLOCATOR STRATEGY BY:  ID LOCATOR EXPRESSION:  sign-in-button]
]]></system-out>
    <system-err><![CDATA[яну 21, 2025 1:03:38 СЛ.ОБ. org.openqa.selenium.devtools.CdpVersionFinder findNearestMatch
WARNING: Unable to find an exact match for CDP version 131, returning the closest version; found: 129; Please update to a Selenium version that supports CDP version 131
]]></system-err>
  </testcase>
  <testcase name="verifyTheUserCannotRegisterWithTakenEmail" classname="gui.registration.RegistrationNegativePathTests" time="4.54">
    <system-out><![CDATA[[main] 13:03:42,909 INFO  [Teodora TAF] Close driver
[main] 13:03:43,287 INFO  [Teodora TAF]  ==== TEST CASE NAME : verifyTheUserCannotRegisterWithTakenEmail ====
[main] 13:03:43,287 INFO  [Teodora TAF] Create driver: chrome
[main] 13:03:45,564 INFO  [Teodora TAF] STEP 1: Unregistered User is landing on the Registration Page.
[main] 13:03:47,858 INFO  [Teodora TAF] CONFIRM # The user has navigated to: http://training.skillo-bg.com:4300/users/register
[main] 13:03:47,886 INFO  [Teodora TAF] STEP 1.1.: Verify the User is on the Registration Page.
[main] 13:03:47,900 INFO  [Teodora TAF] STEP 1.1.1.: Verify the Registration Form Title is presented.
[main] 13:03:47,971 INFO  [Teodora TAF] STEP 2.: Provide Not taken User Name.
[main] 13:03:47,986 INFO  [Teodora TAF] ACTION @ The user is verifying if the web element with locator info: LOCATOR STRATEGY BY:  XPATH LOCATOR EXPRESSION:  //input[@formcontrolname='username']]
[main] 13:03:48,011 INFO  [Teodora TAF] # SHOWN  # Web element is shown with locator infoLOCATOR STRATEGY BY:  XPATH LOCATOR EXPRESSION:  //input[@formcontrolname='username']]
[main] 13:03:48,274 INFO  [Teodora TAF] STEP 3.: Provide already taken email.
[main] 13:03:48,294 INFO  [Teodora TAF] ACTION @ The user is verifying if the web element with locator info: LOCATOR STRATEGY BY:  CSS SELECTOR LOCATOR EXPRESSION:  input[placeholder='email']]
[main] 13:03:48,315 INFO  [Teodora TAF] # SHOWN  # Web element is shown with locator infoLOCATOR STRATEGY BY:  CSS SELECTOR LOCATOR EXPRESSION:  input[placeholder='email']]
[main] 13:03:48,514 INFO  [Teodora TAF] STEP 4.: Provide Date of Birth.
[main] 13:03:48,530 INFO  [Teodora TAF] ACTION @ The user is verifying if the web element with locator info: LOCATOR STRATEGY BY:  XPATH LOCATOR EXPRESSION:  //input[@formcontrolname='birthDate']]
[main] 13:03:48,550 INFO  [Teodora TAF] # SHOWN  # Web element is shown with locator infoLOCATOR STRATEGY BY:  XPATH LOCATOR EXPRESSION:  //input[@formcontrolname='birthDate']]
[main] 13:03:48,704 INFO  [Teodora TAF] STEP 5.: Provide Password.
[main] 13:03:48,721 INFO  [Teodora TAF] ACTION @ The user is verifying if the web element with locator info: LOCATOR STRATEGY BY:  XPATH LOCATOR EXPRESSION:  //input[@id='defaultRegisterFormPassword']]
[main] 13:03:48,744 INFO  [Teodora TAF] # SHOWN  # Web element is shown with locator infoLOCATOR STRATEGY BY:  XPATH LOCATOR EXPRESSION:  //input[@id='defaultRegisterFormPassword']]
[main] 13:03:48,939 INFO  [Teodora TAF] STEP 6.: Confirm Password.
[main] 13:03:48,960 INFO  [Teodora TAF] ACTION @ The user is verifying if the web element with locator info: LOCATOR STRATEGY BY:  XPATH LOCATOR EXPRESSION:  //input[@formcontrolname='confirmPassword']]
[main] 13:03:48,983 INFO  [Teodora TAF] # SHOWN  # Web element is shown with locator infoLOCATOR STRATEGY BY:  XPATH LOCATOR EXPRESSION:  //input[@formcontrolname='confirmPassword']]
[main] 13:03:49,181 INFO  [Teodora TAF] STEP 7.: Provide Public Info
[main] 13:03:49,201 INFO  [Teodora TAF] ACTION @ The user is verifying if the web element with locator info: LOCATOR STRATEGY BY:  XPATH LOCATOR EXPRESSION:  //textarea[@placeholder='Public info']]
[main] 13:03:49,225 INFO  [Teodora TAF] # SHOWN  # Web element is shown with locator infoLOCATOR STRATEGY BY:  XPATH LOCATOR EXPRESSION:  //textarea[@placeholder='Public info']]
[main] 13:03:49,540 INFO  [Teodora TAF] STEP 7.: Submit the Sing In Button.
[main] 13:03:49,765 INFO  [Teodora TAF] STEP 8.: Verify the Registration Was Not successful.
[main] 13:03:49,765 INFO  [Teodora TAF] STEP 8.1.: Verify the Message for Already Taken User is presented
[main] 13:03:49,994 INFO  [Teodora TAF] STEP 8.2.: Verify the user is still on the Registration Page.
[main] 13:03:50,006 INFO  [Teodora TAF] STEP 8.3.: Verify the Registration Form Title is still presented.
[main] 13:03:50,062 INFO  [Teodora TAF] STEP 8.4.: Verify the Sing in Button is stilL visible
[main] 13:03:50,075 INFO  [Teodora TAF] ACTION @ The user is verifying if the web element with locator info: LOCATOR STRATEGY BY:  ID LOCATOR EXPRESSION:  sign-in-button]
[main] 13:03:50,103 INFO  [Teodora TAF] # SHOWN  # Web element is shown with locator infoLOCATOR STRATEGY BY:  ID LOCATOR EXPRESSION:  sign-in-button]
]]></system-out>
    <system-err><![CDATA[яну 21, 2025 1:03:45 СЛ.ОБ. org.openqa.selenium.devtools.CdpVersionFinder findNearestMatch
WARNING: Unable to find an exact match for CDP version 131, returning the closest version; found: 129; Please update to a Selenium version that supports CDP version 131
]]></system-err>
  </testcase>
</testsuite>